<?xml version="1.0" encoding="UTF-8"?>
<coverage generated="1780738843232" clover="3.2.0">
  <project timestamp="1780738843233" name="All files">
    <metrics statements="14" coveredstatements="12" conditionals="19" coveredconditionals="14" methods="5" coveredmethods="4" elements="38" coveredelements="30" complexity="0" loc="14" ncloc="14" packages="1" files="1" classes="1"/>
    <file name="utils.js" path="C:\Users\ASUS\Downloads\Ecole\tp-git-html\js\utils.js">
      <metrics statements="14" coveredstatements="12" conditionals="19" coveredconditionals="14" methods="5" coveredmethods="4"/>
      <line num="9" count="8" type="cond" truecount="4" falsecount="0"/>
      <line num="10" count="6" type="stmt"/>
      <line num="19" count="4" type="cond" truecount="4" falsecount="0"/>
      <line num="20" count="1" type="stmt"/>
      <line num="22" count="3" type="stmt"/>
      <line num="23" count="3" type="cond" truecount="2" falsecount="0"/>
      <line num="24" count="1" type="stmt"/>
      <line num="28" count="2" type="stmt"/>
      <line num="36" count="0" type="cond" truecount="0" falsecount="4"/>
      <line num="37" count="0" type="stmt"/>
      <line num="48" count="4" type="cond" truecount="2" falsecount="0"/>
      <line num="49" count="12" type="stmt"/>
      <line num="52" count="1" type="cond" truecount="1" falsecount="1"/>
      <line num="53" count="1" type="stmt"/>
    </file>
  </project>
</coverage>
