{"C:\\Users\\ASUS\\Downloads\\Ecole\\tp-git-html\\js\\utils.js": {"path":"C:\\Users\\ASUS\\Downloads\\Ecole\\tp-git-html\\js\\utils.js","statementMap":{"0":{"start":{"line":9,"column":4},"end":{"line":9,"column":58}},"1":{"start":{"line":9,"column":45},"end":{"line":9,"column":58}},"2":{"start":{"line":10,"column":4},"end":{"line":10,"column":59}},"3":{"start":{"line":19,"column":4},"end":{"line":21,"column":5}},"4":{"start":{"line":20,"column":8},"end":{"line":20,"column":65}},"5":{"start":{"line":22,"column":20},"end":{"line":22,"column":34}},"6":{"start":{"line":23,"column":4},"end":{"line":27,"column":5}},"7":{"start":{"line":24,"column":8},"end":{"line":26,"column":10}},"8":{"start":{"line":28,"column":4},"end":{"line":28,"column":40}},"9":{"start":{"line":36,"column":4},"end":{"line":36,"column":71}},"10":{"start":{"line":36,"column":48},"end":{"line":36,"column":71}},"11":{"start":{"line":37,"column":4},"end":{"line":39,"column":7}},"12":{"start":{"line":48,"column":4},"end":{"line":48,"column":44}},"13":{"start":{"line":48,"column":28},"end":{"line":48,"column":44}},"14":{"start":{"line":49,"column":4},"end":{"line":49,"column":57}},"15":{"start":{"line":49,"column":32},"end":{"line":49,"column":55}},"16":{"start":{"line":52,"column":0},"end":{"line":54,"column":1}},"17":{"start":{"line":53,"column":4},"end":{"line":53,"column":84}}},"fnMap":{"0":{"name":"validateEmail","decl":{"start":{"line":8,"column":9},"end":{"line":8,"column":22}},"loc":{"start":{"line":8,"column":30},"end":{"line":11,"column":1}},"line":8},"1":{"name":"validateMessage","decl":{"start":{"line":18,"column":9},"end":{"line":18,"column":24}},"loc":{"start":{"line":18,"column":50},"end":{"line":29,"column":1}},"line":18},"2":{"name":"formatDate","decl":{"start":{"line":35,"column":9},"end":{"line":35,"column":19}},"loc":{"start":{"line":35,"column":26},"end":{"line":40,"column":1}},"line":35},"3":{"name":"filterProjects","decl":{"start":{"line":47,"column":9},"end":{"line":47,"column":23}},"loc":{"start":{"line":47,"column":44},"end":{"line":50,"column":1}},"line":47},"4":{"name":"(anonymous_4)","decl":{"start":{"line":49,"column":27},"end":{"line":49,"column":28}},"loc":{"start":{"line":49,"column":32},"end":{"line":49,"column":55}},"line":49}},"branchMap":{"0":{"loc":{"start":{"line":9,"column":4},"end":{"line":9,"column":58}},"type":"if","locations":[{"start":{"line":9,"column":4},"end":{"line":9,"column":58}},{"start":{},"end":{}}],"line":9},"1":{"loc":{"start":{"line":9,"column":8},"end":{"line":9,"column":43}},"type":"binary-expr","locations":[{"start":{"line":9,"column":8},"end":{"line":9,"column":14}},{"start":{"line":9,"column":18},"end":{"line":9,"column":43}}],"line":9},"2":{"loc":{"start":{"line":18,"column":34},"end":{"line":18,"column":48}},"type":"default-arg","locations":[{"start":{"line":18,"column":46},"end":{"line":18,"column":48}}],"line":18},"3":{"loc":{"start":{"line":19,"column":4},"end":{"line":21,"column":5}},"type":"if","locations":[{"start":{"line":19,"column":4},"end":{"line":21,"column":5}},{"start":{},"end":{}}],"line":19},"4":{"loc":{"start":{"line":19,"column":8},"end":{"line":19,"column":47}},"type":"binary-expr","locations":[{"start":{"line":19,"column":8},"end":{"line":19,"column":16}},{"start":{"line":19,"column":20},"end":{"line":19,"column":47}}],"line":19},"5":{"loc":{"start":{"line":23,"column":4},"end":{"line":27,"column":5}},"type":"if","locations":[{"start":{"line":23,"column":4},"end":{"line":27,"column":5}},{"start":{},"end":{}}],"line":23},"6":{"loc":{"start":{"line":36,"column":4},"end":{"line":36,"column":71}},"type":"if","locations":[{"start":{"line":36,"column":4},"end":{"line":36,"column":71}},{"start":{},"end":{}}],"line":36},"7":{"loc":{"start":{"line":36,"column":8},"end":{"line":36,"column":46}},"type":"binary-expr","locations":[{"start":{"line":36,"column":8},"end":{"line":36,"column":31}},{"start":{"line":36,"column":35},"end":{"line":36,"column":46}}],"line":36},"8":{"loc":{"start":{"line":48,"column":4},"end":{"line":48,"column":44}},"type":"if","locations":[{"start":{"line":48,"column":4},"end":{"line":48,"column":44}},{"start":{},"end":{}}],"line":48},"9":{"loc":{"start":{"line":52,"column":0},"end":{"line":54,"column":1}},"type":"if","locations":[{"start":{"line":52,"column":0},"end":{"line":54,"column":1}},{"start":{},"end":{}}],"line":52}},"s":{"0":8,"1":2,"2":6,"3":4,"4":1,"5":3,"6":3,"7":1,"8":2,"9":0,"10":0,"11":0,"12":4,"13":1,"14":3,"15":12,"16":1,"17":1},"f":{"0":8,"1":4,"2":0,"3":4,"4":12},"b":{"0":[2,6],"1":[8,6],"2":[3],"3":[1,3],"4":[4,3],"5":[1,2],"6":[0,0],"7":[0,0],"8":[1,3],"9":[1,0]},"_coverageSchema":"1a1c01bbd47fc00a2c39e90264f33305004495a9","hash":"1e1ea02d18702ab43b4671f48c644151d09a4d1a"}
}
