TN:
SF:js\utils.js
FN:8,validateEmail
FN:18,validateMessage
FN:35,formatDate
FN:47,filterProjects
FN:49,(anonymous_4)
FNF:5
FNH:4
FNDA:8,validateEmail
FNDA:4,validateMessage
FNDA:0,formatDate
FNDA:4,filterProjects
FNDA:12,(anonymous_4)
DA:9,8
DA:10,6
DA:19,4
DA:20,1
DA:22,3
DA:23,3
DA:24,1
DA:28,2
DA:36,0
DA:37,0
DA:48,4
DA:49,12
DA:52,1
DA:53,1
LF:14
LH:12
BRDA:9,0,0,2
BRDA:9,0,1,6
BRDA:9,1,0,8
BRDA:9,1,1,6
BRDA:18,2,0,3
BRDA:19,3,0,1
BRDA:19,3,1,3
BRDA:19,4,0,4
BRDA:19,4,1,3
BRDA:23,5,0,1
BRDA:23,5,1,2
BRDA:36,6,0,0
BRDA:36,6,1,0
BRDA:36,7,0,0
BRDA:36,7,1,0
BRDA:48,8,0,1
BRDA:48,8,1,3
BRDA:52,9,0,1
BRDA:52,9,1,0
BRF:19
BRH:14
end_of_record
